=== LIFE SIMULATOR SESSION LOG ===
[INFO] Initializing raylib 5.0
[INFO] Platform backend: DESKTOP (GLFW)
[INFO] Supported raylib modules:
[INFO]     > rcore:..... loaded (mandatory)
[INFO]     > rlgl:...... loaded (mandatory)
[INFO]     > rshapes:... loaded (optional)
[INFO]     > rtextures:. loaded (optional)
[INFO]     > rtext:..... loaded (optional)
[INFO]     > rmodels:... loaded (optional)
[INFO]     > raudio:.... loaded (optional)
[INFO] DISPLAY: Trying to enable MSAA x4
[INFO] DISPLAY: Trying to enable VSYNC
[INFO] DISPLAY: Device initialized successfully
[INFO]     > Display size: 1920 x 1080
[INFO]     > Screen size:  1280 x 720
[INFO]     > Render size:  1920 x 1050
[INFO]     > Viewport offsets: 0, 0
[INFO] GLAD: OpenGL extensions loaded successfully
[INFO] GL: Supported extensions count: 285
[INFO] GL: OpenGL device information:
[INFO]     > Vendor:   ATI Technologies Inc.
[INFO]     > Renderer: Radeon RX 570 Series
[INFO]     > Version:  3.3.0 Core Profile Context 25.8.1.250617
[INFO]     > GLSL:     4.60
[INFO] GL: VAO extension detected, VAO functions loaded successfully
[INFO] GL: NPOT textures extension detected, full NPOT textures supported
[INFO] GL: DXT compressed textures supported
[INFO] GL: ETC2/EAC compressed textures supported
[INFO] PLATFORM: DESKTOP (GLFW): Initialized successfully
[INFO] TEXTURE: [ID 1] Texture loaded successfully (1x1 | R8G8B8A8 | 1 mipmaps)
[INFO] TEXTURE: [ID 1] Default texture loaded successfully
[INFO] SHADER: [ID 1] Vertex shader compiled successfully
[INFO] SHADER: [ID 2] Fragment shader compiled successfully
[INFO] SHADER: [ID 3] Program shader loaded successfully
[INFO] SHADER: [ID 3] Default shader loaded successfully
[INFO] RLGL: Render batch vertex buffers loaded successfully in RAM (CPU)
[INFO] RLGL: Render batch vertex buffers loaded successfully in VRAM (GPU)
[INFO] RLGL: Default OpenGL state initialized successfully
[INFO] TEXTURE: [ID 2] Texture loaded successfully (128x128 | GRAY_ALPHA | 1 mipmaps)
[INFO] FONT: Default font loaded successfully (224 glyphs)
[INFO] TIMER: Target time per frame: 16.667 milliseconds
[INFO] [LOCALIZATION] Loaded 51 strings from data/lang_es.json
[INFO] [JSON LOADER] Loaded element: H (Z=1)
[INFO] [JSON LOADER] Loaded element: C (Z=6)
[INFO] [JSON LOADER] Loaded element: N (Z=7)
[INFO] [JSON LOADER] Loaded element: O (Z=8)
[INFO] [JSON LOADER] Loaded element: P (Z=15)
[INFO] [JSON LOADER] Loaded element: S (Z=16)
[INFO] [JSON LOADER] Successfully loaded 6 elements from data/elements.json
[INFO] [CHEMISTRY] Reloaded 6 elements from JSON (Language: es)
[INFO] [CHEMISTRY] Reloaded 7 molecules from JSON (Language: es)
[INFO] [CHEMISTRY] All elements passed 2.5D Z-axis validation ✓
[INFO] [World] Player initialized at (0,0)
[INFO] [MISSIONS] Loaded 3 missions from JSON (Language: es)
[INFO] [BOND] GLOBAL SUCCESS: 18 -> 372 (Molecule 372) Polarity: -0.13
[INFO] [BOND] GLOBAL SUCCESS: 80 -> 294 (Molecule 294) Polarity: -0.06
[INFO] [BOND] GLOBAL SUCCESS: 109 -> 980 (Molecule 980) Polarity: -0.00
[INFO] [BOND] GLOBAL SUCCESS: 121 -> 325 (Molecule 325) Polarity: -0.07
[INFO] [BOND] GLOBAL SUCCESS: 140 -> 332 (Molecule 332) Polarity: 0.13
[INFO] [BOND] GLOBAL SUCCESS: 155 -> 789 (Molecule 789) Polarity: -0.05
[INFO] [BOND] GLOBAL SUCCESS: 166 -> 809 (Molecule 809) Polarity: -0.19
[INFO] [BOND] GLOBAL SUCCESS: 201 -> 772 (Molecule 772) Polarity: 0.07
[INFO] [BOND] GLOBAL SUCCESS: 210 -> 499 (Molecule 499) Polarity: 0.06
[INFO] [BOND] GLOBAL SUCCESS: 213 -> 373 (Molecule 373) Polarity: 0.06
[INFO] [BOND] GLOBAL SUCCESS: 220 -> 454 (Molecule 454) Polarity: 0.13
[INFO] [BOND] GLOBAL SUCCESS: 243 -> 605 (Molecule 605) Polarity: 0.00
[INFO] [BOND] GLOBAL SUCCESS: 272 -> 495 (Molecule 495) Polarity: -0.00
[INFO] [BOND] GLOBAL SUCCESS: 288 -> 365 (Molecule 365) Polarity: 0.19
[INFO] [BOND] GLOBAL SUCCESS: 315 -> 621 (Molecule 621) Polarity: -0.13
[INFO] [BOND] GLOBAL SUCCESS: 320 -> 754 (Molecule 754) Polarity: 0.05
[INFO] [BOND] GLOBAL SUCCESS: 322 -> 757 (Molecule 757) Polarity: -0.13
[INFO] [BOND] GLOBAL SUCCESS: 347 -> 699 (Molecule 699) Polarity: -0.19
[INFO] [BOND] GLOBAL SUCCESS: 360 -> 385 (Molecule 385) Polarity: 0.07
[INFO] [BOND] GLOBAL SUCCESS: 371 -> 872 (Molecule 872) Polarity: 0.00
[INFO] [BOND] GLOBAL SUCCESS: 506 -> 690 (Molecule 690) Polarity: 0.05
[INFO] [BOND] GLOBAL SUCCESS: 568 -> 848 (Molecule 848) Polarity: -0.06
[INFO] [BOND] GLOBAL SUCCESS: 589 -> 840 (Molecule 840) Polarity: 0.00
[INFO] [BOND] GLOBAL SUCCESS: 611 -> 805 (Molecule 805) Polarity: -0.05
[INFO] [BOND] GLOBAL SUCCESS: 653 -> 695 (Molecule 695) Polarity: -0.19
[INFO] [BOND] GLOBAL SUCCESS: 685 -> 718 (Molecule 718) Polarity: 0.06
[INFO] [BOND] GLOBAL SUCCESS: 694 -> 879 (Molecule 879) Polarity: -0.06
[INFO] [BOND] GLOBAL SUCCESS: 695 -> 996 (Molecule 996) Polarity: 0.00
[INFO] [BOND] GLOBAL SUCCESS: 748 -> 809 (Molecule 809) Polarity: -0.00
[INFO] [BOND] GLOBAL SUCCESS: 781 -> 589 (Molecule 840) Polarity: -0.13
[INFO] [BOND] GLOBAL SUCCESS: 783 -> 884 (Molecule 884) Polarity: 0.07
[INFO] [BOND] GLOBAL SUCCESS: 823 -> 860 (Molecule 860) Polarity: 0.07
[INFO] [BOND] GLOBAL SUCCESS: 831 -> 941 (Molecule 941) Polarity: 0.13
[WARNING] [PHYSICS] BOND BROKEN by stress: Atom 568 separated from 848
[WARNING] [PHYSICS] BOND BROKEN by stress: Atom 781 separated from 589
[INFO] [BOND] GLOBAL SUCCESS: 340 -> 870 (Molecule 870) Polarity: 0.05
[INFO] [BOND] GLOBAL SUCCESS: 772 -> 821 (Molecule 821) Polarity: -0.13
[INFO] [BOND] GLOBAL SUCCESS: 570 -> 155 (Molecule 789) Polarity: -0.13
[WARNING] [PHYSICS] BOND BROKEN by stress: Atom 570 separated from 155
[INFO] [BOND] GLOBAL SUCCESS: 226 -> 552 (Molecule 552) Polarity: -0.00
[INFO] [BOND] GLOBAL SUCCESS: 545 -> 999 (Molecule 999) Polarity: 0.00
[INFO] [BOND] GLOBAL SUCCESS: 86 -> 589 (Molecule 840) Polarity: 0.05
[INFO] [BOND] GLOBAL SUCCESS: 539 -> 992 (Molecule 992) Polarity: 0.06
[INFO] [BOND] GLOBAL SUCCESS: 474 -> 688 (Molecule 688) Polarity: -0.19
